<?xml version="1.0" encoding="UTF-8"?>
<testsuite xmlns:xsi="http://www.w3.org/2001/XMLSchema-instance" xsi:noNamespaceSchemaLocation="https://maven.apache.org/surefire/maven-surefire-plugin/xsd/surefire-test-report-3.0.xsd" version="3.0" name="testing Playwright with Cucumber feature 2" time="76.819" tests="2" errors="0" skipped="0" failures="0">
  <properties>
[...]
</properties>
  <testcase name="Playwright Demo test 2 feature 2" classname="testing Playwright with Cucumber feature 2" time="41.135">
    <system-out><![CDATA[
Scenario: Playwright Demo test 2 feature 2                                                      # src/test/resources/features/demo2.feature:10
Playwright Demo test 2 feature 2 is being running at :: 20
  Given User navigate to the URL                                                                # com.automation.PlayWrightBDD.StepDefinitions.CommonLoginStepDef.userNavigateToTheURL()
  And Validates the title of the page to be "ParaBank | Welcome | Online Banking"               # com.automation.PlayWrightBDD.StepDefinitions.CommonLoginStepDef.validatesTheTitleOfThePageToBe(java.lang.String)
  Then user logs in with the User name "Sounak" and Password "sounak"                           # com.automation.PlayWrightBDD.StepDefinitions.CommonLoginStepDef.userLogsInWithTheUserNameAndPassword(java.lang.String,java.lang.String)
  Then user Clicks on "Accounts Overview"                                                       # com.automation.PlayWrightBDD.StepDefinitions.HomepageStepDef.userClicksOn(java.lang.String)
  Then Validate the title of the page in Accounts Overview to be "ParaBank | Accounts Overview" # com.automation.PlayWrightBDD.StepDefinitions.AccountsOverviewStepDef.validateTheTitleOfThePageInAccountsOverviewToBe(java.lang.String)
]]></system-out>
  </testcase>
  <testcase name="Playwright Demo test 1 feature 2" classname="testing Playwright with Cucumber feature 2" time="35.684">
    <system-out><![CDATA[
Scenario: Playwright Demo test 1 feature 2                                            # src/test/resources/features/demo2.feature:17
Playwright Demo test 1 feature 2 is being running at :: 20
  Given User navigate to the URL                                                      # com.automation.PlayWrightBDD.StepDefinitions.CommonLoginStepDef.userNavigateToTheURL()
  And Validates the title of the page to be "ParaBank | Welcome | Online Banking"     # com.automation.PlayWrightBDD.StepDefinitions.CommonLoginStepDef.validatesTheTitleOfThePageToBe(java.lang.String)
  Then user logs in with the User name "Sounak" and Password "sounak"                 # com.automation.PlayWrightBDD.StepDefinitions.CommonLoginStepDef.userLogsInWithTheUserNameAndPassword(java.lang.String,java.lang.String)
  Then user Clicks on "Request Loan"                                                  # com.automation.PlayWrightBDD.StepDefinitions.HomepageStepDef.userClicksOn(java.lang.String)
  Then Validate the title of the page in Request Loan to be "ParaBank | Loan Request" # com.automation.PlayWrightBDD.StepDefinitions.RequestLoanStepDef.validateTheTitleOfThePageInRequestLoanToBe(java.lang.String)
]]></system-out>
  </testcase>
</testsuite>